Error code: 2
Message: Product: Маникюрная вытяжка профессиональная настольная 20х23 мини-компакт, not created
-------------------------
Error code: 2
Message: Product: Чехол махровый защитный на кушетку XL (хлопок 100%), цвет капучино, not created
-------------------------
Error code: 2
Message: Product: Тележка косметологическая / манипуляционная на 3 полки мод. 019 стекло, not created
-------------------------
Error code: 2
Message: Product: Тележка косметологическая / манипуляционная на 3 полки мод. 007 стекло, not created
-------------------------
Error code: 2
Message: Product: Крем-пенка с клотримазолом и 10%-ной мочевиной (Cremeschaum) 35мл, not created
-------------------------
Error code: 2
Message: Product: САХАРНАЯ ПАСТА SILK&amp;SOFT ДЛЯ ДЕПИЛЯЦИИ УЛЬТРА ТВЕРДАЯ ULTRA HARD 1500Г, not created
-------------------------
Error code: 2
Message: Product: Одноразовая косметическая маска для парафинотерапии Упаковка 20шт, not created
-------------------------
Error code: 2
Message: Product: Трусики стринги одноразовые с рюшиками прошитые на резинке для депиляции, not created
-------------------------
Error code: 2
Message: Product: Фрезер для аппаратного маникюра, педикюра наращивания и коррекции ногтей AnyXing 300S , not created
-------------------------
Error code: 2
Message: Product: УФ-лампа для наращивания ногтей &#34;Planet nails&#34; - 36W с таймером на 60, 120, 180 секунд, not created
-------------------------
Error code: 2
Message: Product: Крафт Пакеты для стерилизации Prestige Line №2 200 шт. в упаковке, not created
-------------------------
Error code: 2
Message: Product: Олтон OLTON топорик - лопатка / пушер/ шабер для педикюра, маникюра, not created
-------------------------
Error code: 2
Message: Product: Маникюрная вытяжка профессиональная настольная 20х23 мини-компакт, not created
-------------------------
Error code: 2
Message: Product: Чехлы на педикюрную ванночку пакеты для педикюра на резинке прошитые , not created
-------------------------
Error code: 2
Message: Product: Плотные Безворсовые салфетки для маникюра маленькие проф упаковка, not created
-------------------------
Error code: 2
Message: Product: Простыни масло-водонепроницаемые в рулоне плотность 30 г/м2,  0,8х50 п.м, not created
-------------------------
Error code: 2
Message: Product: Простыни одноразовые розовая и сиреневая 0.60х100м. Плотность 20г\м + чехол на резинке 08х2м, not created
-------------------------
Error code: 2
Message: Product: Шариковый флакон для препаратов дополнительный (для аппарата электропорации модель 111, 9090), not created
-------------------------
Error code: 2
Message: Product: Антицеллюлитный крем с разогревающим эффектом Антиапельсин Tanoya, not created
-------------------------
