Category: Лампы-лупы
Product: Кольцевая лампа
------------------------
Category: Лампы-лупы
Product: Лампа-лупа настольная мод. 2014 LED 3D
------------------------
Category: Лампы-лупы
Product: Лампа-лупа настольная мод. 8093 чёрная, увеличение 3+12 диопт. 
------------------------
Category: Лампы-лупы
Product: Лампа-лупа настольная мод. 8093 LED, увеличение 3+12 диопт.
------------------------
Category: Лампы-лупы
Product: Лампа-лупа настольная мод. 2014 2-в-1 LED 3D
------------------------
Category: Лампы-лупы
Product: Лампа-лупа мод. 8066 (3D / 5D)
------------------------
Category: Лампы-лупы
Product: Лампа-лупа мод. 8064 3D / 5D
------------------------
Category: Лампы-лупы
Product: Лампа-лупа мод. 8066 LED 3D / 5D
------------------------
Category: Лампы-лупы
Product: Лампа-лупа мод. 6025-8 LED (3D / 5D)
------------------------
Category: Лампы-лупы
Product: Лампа-лупа мод. 6014 LED (3D / 5D)
------------------------
Category: Лампы-лупы
Product: Лампа-лупа мод. 8066 U LED (3D / 5D)
------------------------
Category: Лампы-лупы
Product: Лампа-лупа мод. 6023 LED (3D / 5D) с регулировкой яркости света
------------------------
Category: Лампы-лупы
Product: Лампа-лупа мод. 8062 LED (3D / 5D)
------------------------
Category: Лампы-лупы
Product: Лампа-лупа мод. 6014 LED (3D / 5D) с регулировкой яркости света
------------------------
Category: Лампы-лупы
Product: Лампа-лупа на штативе мод. 8066+001 (3D / 5D)
------------------------
Category: Лампы-лупы
Product: Лампа-лупа на штативе мод. 8064+SMP
------------------------
Category: Лампы-лупы
Product: Штатив с утяжелителем мод. 001 для лампы-лупы 8,8 кг
------------------------
Category: Лампы-лупы
Product: Штатив с утяжелителем мод. SMP для лампы-лупы (8,7 / 11,3 кг)
------------------------
Category: Лампы-лупы
Product: Штатив с утяжелителем мод. SMP-2 для лампы-лупы
------------------------
Category: Лампы-лупы
Product: Струбцина для лампы-лупы
------------------------
Category: Лампы-лупы
Product: Струбцина для лампы-лупы (крепление к столу)
------------------------
Category: Лампы-лупы
Product: Рабочая лампа мод. 9502 LED с регулировкой яркости
------------------------
Category: Лампы-лупы
Product: Рабочая лампа мод. 8017 LED
------------------------
Category: Лампы-лупы
Product: Рабочая лампа мод. 9501-CCT LED
------------------------
Category: Лампы-лупы
Product: Рабочая лампа мод. 8015 LED-А чёрная
------------------------
Category: Лампы-лупы
Product: Рабочая лампа мод. 8015 LED-U, регулировка яркости
------------------------
Category: Лампы-лупы
Product: Штатив с утяжелителем мод. SM-1 для лампы-лупы 7,7 кг
------------------------
Category: Лампы-лупы
Product: Штатив с утяжелителем мод. SM-2 для лампы-лупы 10,2 кг
------------------------
Category: Лампы-лупы
Product: Штатив с утяжелителем мод. SMP для лампы-лупы (11,3 кг)
------------------------
Category: Лампы-лупы
Product: Штатив с утяжелителем мод. 5-А для лампы-лупы (6,93 кг)
------------------------
Category: Лампы-лупы
Product: Штатив с утяжелителем мод. 5-В для лампы-лупы (10,76 кг)
------------------------
Category: Лампы-лупы
Product: Штатив с лотками мод. SMY для лампы-лупы (11,25 кг)
------------------------
Category: Лампы-лупы
Product: Лампа-лупа настольная мод. 9101-А LED, увеличение 3 диопт.
------------------------
Category: Лампы-лупы
Product: Лампа-лупа мод. 6027 LED (3D)
------------------------
Category: Лампы-лупы
Product: Лампа-лупа мод. 6027 LED (5D)
------------------------
Category: Лампы-лупы
Product: Лампа-лупа мод. 8070 LED (3D), регулировка яркости света
------------------------
Category: Лампы-лупы
Product: Лампа-лупа мод. 8070 LED (5D), регулировка яркости света
------------------------
Category: Лампы-лупы
Product: Лампа-лупа мод. 8060 LED (3D) с регулировкой яркости света
------------------------
Category: Лампы-лупы
Product: Лампа-лупа мод. 9006-D LED (3D) с регулировкой яркости света
------------------------
Category: Лампы-лупы
Product: Лампа-лупа мод. 9006-D LED (5D) с регулировкой яркости света
------------------------
Category: Лампы-лупы
Product: Лампа-лупа мод. 8060 LED (5D) с регулировкой яркости света
------------------------
Category: Лампы-лупы
Product: Кольцевая лампа
------------------------
Category: Лампы-лупы
Product: Кольцевая лампа
------------------------
Category: Лампы-лупы
Product: Лампа-лупа настольная мод. 2014 LED 3D
------------------------
Category: Лампы-лупы
Product: Лампа-лупа настольная мод. 8093 чёрная, увеличение 3+12 диопт. 
------------------------
Category: Лампы-лупы
Product: Лампа-лупа настольная мод. 8093 LED, увеличение 3+12 диопт.
------------------------
Category: Лампы-лупы
Product: Лампа-лупа настольная мод. 2014 2-в-1 LED 3D
------------------------
Category: Лампы-лупы
Product: Лампа-лупа мод. 8066 (3D / 5D)
------------------------
Category: Лампы-лупы
Product: Лампа-лупа мод. 8064 3D / 5D
------------------------
Category: Лампы-лупы
Product: Лампа-лупа мод. 8066 LED 3D / 5D
------------------------
Category: Лампы-лупы
Product: Лампа-лупа мод. 6025-8 LED (3D / 5D)
------------------------
Category: Лампы-лупы
Product: Лампа-лупа мод. 6014 LED (3D / 5D)
------------------------
Category: Лампы-лупы
Product: Лампа-лупа мод. 8066 U LED (3D / 5D)
------------------------
Category: Лампы-лупы
Product: Лампа-лупа мод. 6023 LED (3D / 5D) с регулировкой яркости света
------------------------
Category: Лампы-лупы
Product: Лампа-лупа мод. 8062 LED (3D / 5D)
------------------------
Category: Лампы-лупы
Product: Лампа-лупа мод. 6014 LED (3D / 5D) с регулировкой яркости света
------------------------
Category: Лампы-лупы
Product: Лампа-лупа на штативе мод. 8066+001 (3D / 5D)
------------------------
Category: Лампы-лупы
Product: Лампа-лупа на штативе мод. 8064+SMP
------------------------
Category: Лампы-лупы
Product: Штатив с утяжелителем мод. 001 для лампы-лупы 8,8 кг
------------------------
Category: Лампы-лупы
Product: Штатив с утяжелителем мод. SMP для лампы-лупы (8,7 / 11,3 кг)
------------------------
Category: Лампы-лупы
Product: Штатив с утяжелителем мод. SMP-2 для лампы-лупы
------------------------
Category: Лампы-лупы
Product: Струбцина для лампы-лупы
------------------------
Category: Лампы-лупы
Product: Струбцина для лампы-лупы (крепление к столу)
------------------------
Category: Лампы-лупы
Product: Рабочая лампа мод. 9502 LED с регулировкой яркости
------------------------
Category: Лампы-лупы
Product: Рабочая лампа мод. 8017 LED
------------------------
Category: Лампы-лупы
Product: Рабочая лампа мод. 9501-CCT LED
------------------------
Category: Лампы-лупы
Product: Рабочая лампа мод. 8015 LED-А чёрная
------------------------
Category: Лампы-лупы
Product: Рабочая лампа мод. 8015 LED-U, регулировка яркости
------------------------
Category: Лампы-лупы
Product: Штатив с утяжелителем мод. SM-1 для лампы-лупы 7,7 кг
------------------------
Category: Лампы-лупы
Product: Штатив с утяжелителем мод. SM-2 для лампы-лупы 10,2 кг
------------------------
Category: Лампы-лупы
Product: Штатив с утяжелителем мод. SMP для лампы-лупы (11,3 кг)
------------------------
Category: Лампы-лупы
Product: Штатив с утяжелителем мод. 5-А для лампы-лупы (6,93 кг)
------------------------
Category: Лампы-лупы
Product: Штатив с утяжелителем мод. 5-В для лампы-лупы (10,76 кг)
------------------------
Category: Лампы-лупы
Product: Штатив с лотками мод. SMY для лампы-лупы (11,25 кг)
------------------------
Category: Лампы-лупы
Product: Лампа-лупа настольная мод. 9101-А LED, увеличение 3 диопт.
------------------------
Category: Лампы-лупы
Product: Лампа-лупа мод. 6027 LED (3D)
------------------------
Category: Лампы-лупы
Product: Лампа-лупа мод. 6027 LED (5D)
------------------------
Category: Лампы-лупы
Product: Лампа-лупа мод. 8070 LED (3D), регулировка яркости света
------------------------
Category: Лампы-лупы
Product: Лампа-лупа мод. 8070 LED (5D), регулировка яркости света
------------------------
Category: Лампы-лупы
Product: Лампа-лупа мод. 8060 LED (3D) с регулировкой яркости света
------------------------
Category: Лампы-лупы
Product: Лампа-лупа мод. 9006-D LED (3D) с регулировкой яркости света
------------------------
Category: Лампы-лупы
Product: Лампа-лупа мод. 9006-D LED (5D) с регулировкой яркости света
------------------------
Category: Лампы-лупы
Product: Лампа-лупа мод. 8060 LED (5D) с регулировкой яркости света
------------------------
Category: Лампы-лупы
Product: Кольцевая лампа
------------------------
