2020-02-02 20:01:35 - PHP Notice:  getimagesize(): Read error! in /var/www/shop/catalog/model/tool/image.php on line 26
2020-02-02 20:01:35 - PHP Notice:  getimagesize(): Read error! in /var/www/shop/system/library/image.php on line 14
2020-02-02 20:01:37 - PHP Notice:  getimagesize(): Read error! in /var/www/shop/catalog/model/tool/image.php on line 26
2020-02-02 20:01:37 - PHP Notice:  getimagesize(): Read error! in /var/www/shop/system/library/image.php on line 14
2020-02-02 20:01:38 - PHP Notice:  getimagesize(): Read error! in /var/www/shop/catalog/model/tool/image.php on line 26
2020-02-02 20:01:38 - PHP Notice:  getimagesize(): Read error! in /var/www/shop/system/library/image.php on line 14
2020-02-02 20:01:40 - PHP Notice:  getimagesize(): Read error! in /var/www/shop/catalog/model/tool/image.php on line 26
2020-02-02 20:01:40 - PHP Notice:  getimagesize(): Read error! in /var/www/shop/system/library/image.php on line 14
2020-02-02 20:01:41 - PHP Notice:  getimagesize(): Read error! in /var/www/shop/catalog/model/tool/image.php on line 26
2020-02-02 20:01:41 - PHP Notice:  getimagesize(): Read error! in /var/www/shop/system/library/image.php on line 14
2020-02-02 20:01:41 - PHP Notice:  getimagesize(): Read error! in /var/www/shop/catalog/model/tool/image.php on line 26
2020-02-02 20:01:41 - PHP Notice:  getimagesize(): Read error! in /var/www/shop/system/library/image.php on line 14
2020-02-02 20:01:56 - PHP Notice:  getimagesize(): Read error! in /var/www/shop/catalog/model/tool/image.php on line 26
2020-02-02 20:01:56 - PHP Notice:  getimagesize(): Read error! in /var/www/shop/system/library/image.php on line 14
2020-02-02 20:02:05 - PHP Notice:  getimagesize(): Read error! in /var/www/shop/catalog/model/tool/image.php on line 26
2020-02-02 20:02:05 - PHP Notice:  getimagesize(): Read error! in /var/www/shop/system/library/image.php on line 14
2020-02-02 20:02:51 - PHP Notice:  getimagesize(): Read error! in /var/www/shop/catalog/model/tool/image.php on line 26
2020-02-02 20:02:51 - PHP Notice:  getimagesize(): Read error! in /var/www/shop/system/library/image.php on line 14
2020-02-02 20:02:54 - PHP Notice:  getimagesize(): Read error! in /var/www/shop/catalog/model/tool/image.php on line 26
2020-02-02 20:02:54 - PHP Notice:  getimagesize(): Read error! in /var/www/shop/system/library/image.php on line 14
2020-02-02 20:02:59 - PHP Notice:  getimagesize(): Read error! in /var/www/shop/catalog/model/tool/image.php on line 26
2020-02-02 20:02:59 - PHP Notice:  getimagesize(): Read error! in /var/www/shop/system/library/image.php on line 14
2020-02-03 10:48:22 - PHP Warning:  move_uploaded_file(/var/www/shop/image/catalog/34 (1).jpg): failed to open stream: Permission denied in /var/www/shop/admin/controller/common/filemanager.php on line 275
2020-02-03 10:48:22 - PHP Warning:  move_uploaded_file(): Unable to move '/tmp/php2oKpLm' to '/var/www/shop/image/catalog/34 (1).jpg' in /var/www/shop/admin/controller/common/filemanager.php on line 275
2020-02-03 11:44:02 - PHP Notice:  getimagesize(): Read error! in /var/www/shop/catalog/model/tool/image.php on line 26
2020-02-03 11:44:02 - PHP Notice:  getimagesize(): Read error! in /var/www/shop/system/library/image.php on line 14
2020-02-03 12:00:53 - PHP Notice:  getimagesize(): Read error! in /var/www/shop/catalog/model/tool/image.php on line 26
2020-02-03 12:00:53 - PHP Notice:  getimagesize(): Read error! in /var/www/shop/system/library/image.php on line 14
2020-02-03 12:01:27 - PHP Notice:  getimagesize(): Read error! in /var/www/shop/catalog/model/tool/image.php on line 26
2020-02-03 12:01:27 - PHP Notice:  getimagesize(): Read error! in /var/www/shop/system/library/image.php on line 14
2020-02-03 12:06:19 - PHP Notice:  getimagesize(): Read error! in /var/www/shop/catalog/model/tool/image.php on line 26
2020-02-03 12:06:19 - PHP Notice:  getimagesize(): Read error! in /var/www/shop/system/library/image.php on line 14
2020-02-03 12:18:49 - PHP Notice:  getimagesize(): Read error! in /var/www/shop/catalog/model/tool/image.php on line 26
2020-02-03 12:18:49 - PHP Notice:  getimagesize(): Read error! in /var/www/shop/system/library/image.php on line 14
2020-02-03 15:30:37 - PHP Notice:  getimagesize(): Read error! in /var/www/shop/catalog/model/tool/image.php on line 26
2020-02-03 15:30:37 - PHP Notice:  getimagesize(): Read error! in /var/www/shop/system/library/image.php on line 14
2020-02-03 20:31:42 - PHP Notice:  getimagesize(): Read error! in /var/www/shop/catalog/model/tool/image.php on line 26
2020-02-03 20:31:42 - PHP Notice:  getimagesize(): Read error! in /var/www/shop/system/library/image.php on line 14
2020-02-03 20:40:54 - PHP Notice:  getimagesize(): Read error! in /var/www/shop/catalog/model/tool/image.php on line 26
2020-02-03 20:40:54 - PHP Notice:  getimagesize(): Read error! in /var/www/shop/system/library/image.php on line 14
2020-02-03 20:46:15 - PHP Notice:  getimagesize(): Read error! in /var/www/shop/catalog/model/tool/image.php on line 26
2020-02-03 20:46:15 - PHP Notice:  getimagesize(): Read error! in /var/www/shop/system/library/image.php on line 14
2020-02-03 21:01:12 - PHP Notice:  getimagesize(): Read error! in /var/www/shop/catalog/model/tool/image.php on line 26
2020-02-03 21:01:12 - PHP Notice:  getimagesize(): Read error! in /var/www/shop/system/library/image.php on line 14
2020-02-03 21:03:07 - PHP Notice:  getimagesize(): Read error! in /var/www/shop/catalog/model/tool/image.php on line 26
2020-02-03 21:03:07 - PHP Notice:  getimagesize(): Read error! in /var/www/shop/system/library/image.php on line 14
2020-02-04 13:16:19 - PHP Notice:  getimagesize(): Read error! in /var/www/shop/admin/model/tool/image.php on line 26
2020-02-04 13:16:19 - PHP Notice:  getimagesize(): Read error! in /var/www/shop/system/library/image.php on line 14
2020-02-04 13:19:03 - PHP Notice:  getimagesize(): Read error! in /var/www/shop/admin/model/tool/image.php on line 26
2020-02-04 13:19:03 - PHP Notice:  getimagesize(): Read error! in /var/www/shop/system/library/image.php on line 14
2020-02-04 13:21:50 - PHP Notice:  getimagesize(): Read error! in /var/www/shop/admin/model/tool/image.php on line 26
2020-02-04 13:21:50 - PHP Notice:  getimagesize(): Read error! in /var/www/shop/system/library/image.php on line 14
2020-02-04 13:22:11 - PHP Notice:  getimagesize(): Read error! in /var/www/shop/admin/model/tool/image.php on line 26
2020-02-04 13:22:11 - PHP Notice:  getimagesize(): Read error! in /var/www/shop/system/library/image.php on line 14
2020-02-04 13:23:44 - PHP Notice:  getimagesize(): Read error! in /var/www/shop/admin/model/tool/image.php on line 26
2020-02-04 13:23:44 - PHP Notice:  getimagesize(): Read error! in /var/www/shop/system/library/image.php on line 14
2020-02-04 13:23:52 - PHP Notice:  getimagesize(): Read error! in /var/www/shop/admin/model/tool/image.php on line 26
2020-02-04 13:23:52 - PHP Notice:  getimagesize(): Read error! in /var/www/shop/system/library/image.php on line 14
2020-02-04 13:23:55 - PHP Notice:  getimagesize(): Read error! in /var/www/shop/admin/model/tool/image.php on line 26
2020-02-04 13:23:55 - PHP Notice:  getimagesize(): Read error! in /var/www/shop/system/library/image.php on line 14
2020-02-04 13:23:58 - PHP Notice:  getimagesize(): Read error! in /var/www/shop/admin/model/tool/image.php on line 26
2020-02-04 13:23:58 - PHP Notice:  getimagesize(): Read error! in /var/www/shop/system/library/image.php on line 14
2020-02-04 13:24:01 - PHP Notice:  getimagesize(): Read error! in /var/www/shop/admin/model/tool/image.php on line 26
2020-02-04 13:24:01 - PHP Notice:  getimagesize(): Read error! in /var/www/shop/system/library/image.php on line 14
2020-02-04 13:24:03 - PHP Notice:  getimagesize(): Read error! in /var/www/shop/admin/model/tool/image.php on line 26
2020-02-04 13:24:03 - PHP Notice:  getimagesize(): Read error! in /var/www/shop/system/library/image.php on line 14
2020-02-04 13:24:08 - PHP Notice:  getimagesize(): Read error! in /var/www/shop/admin/model/tool/image.php on line 26
2020-02-04 13:24:08 - PHP Notice:  getimagesize(): Read error! in /var/www/shop/system/library/image.php on line 14
2020-02-04 13:24:08 - PHP Notice:  getimagesize(): Read error! in /var/www/shop/admin/model/tool/image.php on line 26
2020-02-04 13:24:08 - PHP Notice:  getimagesize(): Read error! in /var/www/shop/system/library/image.php on line 14
2020-02-04 13:24:28 - PHP Notice:  getimagesize(): Read error! in /var/www/shop/admin/model/tool/image.php on line 26
2020-02-04 13:24:28 - PHP Notice:  getimagesize(): Read error! in /var/www/shop/system/library/image.php on line 14
2020-02-04 13:24:35 - PHP Notice:  getimagesize(): Read error! in /var/www/shop/admin/model/tool/image.php on line 26
2020-02-04 13:24:35 - PHP Notice:  getimagesize(): Read error! in /var/www/shop/system/library/image.php on line 14
2020-02-04 13:24:35 - PHP Notice:  getimagesize(): Read error! in /var/www/shop/admin/model/tool/image.php on line 26
2020-02-04 13:24:35 - PHP Notice:  getimagesize(): Read error! in /var/www/shop/system/library/image.php on line 14
2020-02-04 13:24:41 - PHP Notice:  getimagesize(): Read error! in /var/www/shop/admin/model/tool/image.php on line 26
2020-02-04 13:24:41 - PHP Notice:  getimagesize(): Read error! in /var/www/shop/system/library/image.php on line 14
2020-02-04 13:24:47 - PHP Notice:  getimagesize(): Read error! in /var/www/shop/admin/model/tool/image.php on line 26
2020-02-04 13:24:47 - PHP Notice:  getimagesize(): Read error! in /var/www/shop/system/library/image.php on line 14
2020-02-04 13:24:54 - PHP Notice:  getimagesize(): Read error! in /var/www/shop/admin/model/tool/image.php on line 26
2020-02-04 13:24:54 - PHP Notice:  getimagesize(): Read error! in /var/www/shop/system/library/image.php on line 14
2020-02-04 13:25:07 - PHP Notice:  getimagesize(): Read error! in /var/www/shop/admin/model/tool/image.php on line 26
2020-02-04 13:25:07 - PHP Notice:  getimagesize(): Read error! in /var/www/shop/system/library/image.php on line 14
2020-02-04 13:26:14 - PHP Notice:  getimagesize(): Read error! in /var/www/shop/admin/model/tool/image.php on line 26
2020-02-04 13:26:14 - PHP Notice:  getimagesize(): Read error! in /var/www/shop/system/library/image.php on line 14
2020-02-04 13:26:37 - PHP Notice:  getimagesize(): Read error! in /var/www/shop/admin/model/tool/image.php on line 26
2020-02-04 13:26:37 - PHP Notice:  getimagesize(): Read error! in /var/www/shop/system/library/image.php on line 14
2020-02-04 13:37:30 - PHP Notice:  getimagesize(): Read error! in /var/www/shop/admin/model/tool/image.php on line 26
2020-02-04 13:37:30 - PHP Notice:  getimagesize(): Read error! in /var/www/shop/system/library/image.php on line 14
2020-02-04 13:37:55 - PHP Notice:  getimagesize(): Read error! in /var/www/shop/admin/model/tool/image.php on line 26
2020-02-04 13:37:55 - PHP Notice:  getimagesize(): Read error! in /var/www/shop/system/library/image.php on line 14
2020-02-04 13:38:06 - PHP Notice:  getimagesize(): Read error! in /var/www/shop/admin/model/tool/image.php on line 26
2020-02-04 13:38:06 - PHP Notice:  getimagesize(): Read error! in /var/www/shop/system/library/image.php on line 14
2020-02-04 13:38:15 - PHP Notice:  getimagesize(): Read error! in /var/www/shop/admin/model/tool/image.php on line 26
2020-02-04 13:38:15 - PHP Notice:  getimagesize(): Read error! in /var/www/shop/system/library/image.php on line 14
2020-02-04 13:38:29 - PHP Notice:  getimagesize(): Read error! in /var/www/shop/admin/model/tool/image.php on line 26
2020-02-04 13:38:29 - PHP Notice:  getimagesize(): Read error! in /var/www/shop/system/library/image.php on line 14
2020-02-04 13:38:43 - PHP Notice:  getimagesize(): Read error! in /var/www/shop/admin/model/tool/image.php on line 26
2020-02-04 13:38:43 - PHP Notice:  getimagesize(): Read error! in /var/www/shop/system/library/image.php on line 14
2020-02-04 13:43:52 - PHP Notice:  getimagesize(): Read error! in /var/www/shop/admin/model/tool/image.php on line 26
2020-02-04 13:43:52 - PHP Notice:  getimagesize(): Read error! in /var/www/shop/system/library/image.php on line 14
2020-02-04 13:43:59 - PHP Notice:  getimagesize(): Read error! in /var/www/shop/admin/model/tool/image.php on line 26
2020-02-04 13:43:59 - PHP Notice:  getimagesize(): Read error! in /var/www/shop/system/library/image.php on line 14
2020-02-04 13:44:09 - PHP Notice:  getimagesize(): Read error! in /var/www/shop/admin/model/tool/image.php on line 26
2020-02-04 13:44:09 - PHP Notice:  getimagesize(): Read error! in /var/www/shop/system/library/image.php on line 14
2020-02-04 13:44:41 - PHP Notice:  getimagesize(): Read error! in /var/www/shop/admin/model/tool/image.php on line 26
2020-02-04 13:44:41 - PHP Notice:  getimagesize(): Read error! in /var/www/shop/system/library/image.php on line 14
2020-02-04 13:45:03 - PHP Notice:  getimagesize(): Read error! in /var/www/shop/admin/model/tool/image.php on line 26
2020-02-04 13:45:03 - PHP Notice:  getimagesize(): Read error! in /var/www/shop/system/library/image.php on line 14
2020-02-04 13:46:07 - PHP Notice:  getimagesize(): Read error! in /var/www/shop/admin/model/tool/image.php on line 26
2020-02-04 13:46:07 - PHP Notice:  getimagesize(): Read error! in /var/www/shop/system/library/image.php on line 14
2020-02-04 13:46:33 - PHP Notice:  getimagesize(): Read error! in /var/www/shop/admin/model/tool/image.php on line 26
2020-02-04 13:46:33 - PHP Notice:  getimagesize(): Read error! in /var/www/shop/system/library/image.php on line 14
2020-02-04 13:46:39 - PHP Notice:  getimagesize(): Read error! in /var/www/shop/admin/model/tool/image.php on line 26
2020-02-04 13:46:39 - PHP Notice:  getimagesize(): Read error! in /var/www/shop/system/library/image.php on line 14
2020-02-04 13:47:54 - PHP Notice:  getimagesize(): Read error! in /var/www/shop/admin/model/tool/image.php on line 26
2020-02-04 13:47:54 - PHP Notice:  getimagesize(): Read error! in /var/www/shop/system/library/image.php on line 14
2020-02-04 14:04:03 - PHP Notice:  getimagesize(): Read error! in /var/www/shop/admin/model/tool/image.php on line 26
2020-02-04 14:04:03 - PHP Notice:  getimagesize(): Read error! in /var/www/shop/system/library/image.php on line 14
2020-02-04 14:06:17 - PHP Notice:  getimagesize(): Read error! in /var/www/shop/admin/model/tool/image.php on line 26
2020-02-04 14:06:17 - PHP Notice:  getimagesize(): Read error! in /var/www/shop/system/library/image.php on line 14
2020-02-04 14:07:16 - PHP Notice:  getimagesize(): Read error! in /var/www/shop/admin/model/tool/image.php on line 26
2020-02-04 14:07:16 - PHP Notice:  getimagesize(): Read error! in /var/www/shop/system/library/image.php on line 14
2020-02-04 14:07:21 - PHP Notice:  getimagesize(): Read error! in /var/www/shop/admin/model/tool/image.php on line 26
2020-02-04 14:07:21 - PHP Notice:  getimagesize(): Read error! in /var/www/shop/system/library/image.php on line 14
2020-02-04 14:07:28 - PHP Notice:  getimagesize(): Read error! in /var/www/shop/admin/model/tool/image.php on line 26
2020-02-04 14:07:28 - PHP Notice:  getimagesize(): Read error! in /var/www/shop/system/library/image.php on line 14
2020-02-04 14:07:57 - PHP Notice:  getimagesize(): Read error! in /var/www/shop/admin/model/tool/image.php on line 26
2020-02-04 14:07:57 - PHP Notice:  getimagesize(): Read error! in /var/www/shop/system/library/image.php on line 14
2020-02-04 14:08:24 - PHP Notice:  getimagesize(): Read error! in /var/www/shop/admin/model/tool/image.php on line 26
2020-02-04 14:08:24 - PHP Notice:  getimagesize(): Read error! in /var/www/shop/system/library/image.php on line 14
2020-02-04 14:08:27 - PHP Notice:  getimagesize(): Read error! in /var/www/shop/admin/model/tool/image.php on line 26
2020-02-04 14:08:27 - PHP Notice:  getimagesize(): Read error! in /var/www/shop/system/library/image.php on line 14
2020-02-04 14:08:32 - PHP Notice:  getimagesize(): Read error! in /var/www/shop/admin/model/tool/image.php on line 26
2020-02-04 14:08:32 - PHP Notice:  getimagesize(): Read error! in /var/www/shop/system/library/image.php on line 14
2020-02-04 14:09:24 - PHP Notice:  getimagesize(): Read error! in /var/www/shop/admin/model/tool/image.php on line 26
2020-02-04 14:09:24 - PHP Notice:  getimagesize(): Read error! in /var/www/shop/system/library/image.php on line 14
2020-02-04 14:12:52 - PHP Notice:  getimagesize(): Read error! in /var/www/shop/admin/model/tool/image.php on line 26
2020-02-04 14:12:52 - PHP Notice:  getimagesize(): Read error! in /var/www/shop/system/library/image.php on line 14
2020-02-04 14:13:34 - PHP Notice:  getimagesize(): Read error! in /var/www/shop/admin/model/tool/image.php on line 26
2020-02-04 14:13:34 - PHP Notice:  getimagesize(): Read error! in /var/www/shop/system/library/image.php on line 14
2020-02-04 14:15:29 - PHP Notice:  getimagesize(): Read error! in /var/www/shop/catalog/model/tool/image.php on line 26
2020-02-04 14:15:29 - PHP Notice:  getimagesize(): Read error! in /var/www/shop/system/library/image.php on line 14
2020-02-04 14:15:32 - PHP Notice:  getimagesize(): Read error! in /var/www/shop/catalog/model/tool/image.php on line 26
2020-02-04 14:15:32 - PHP Notice:  getimagesize(): Read error! in /var/www/shop/system/library/image.php on line 14
2020-02-04 14:15:49 - PHP Notice:  getimagesize(): Read error! in /var/www/shop/catalog/model/tool/image.php on line 26
2020-02-04 14:15:49 - PHP Notice:  getimagesize(): Read error! in /var/www/shop/system/library/image.php on line 14
2020-02-04 14:16:07 - PHP Notice:  getimagesize(): Read error! in /var/www/shop/catalog/model/tool/image.php on line 26
2020-02-04 14:16:07 - PHP Notice:  getimagesize(): Read error! in /var/www/shop/system/library/image.php on line 14
2020-02-04 14:16:22 - PHP Notice:  getimagesize(): Read error! in /var/www/shop/catalog/model/tool/image.php on line 26
2020-02-04 14:16:22 - PHP Notice:  getimagesize(): Read error! in /var/www/shop/system/library/image.php on line 14
2020-02-04 14:16:31 - PHP Notice:  getimagesize(): Read error! in /var/www/shop/catalog/model/tool/image.php on line 26
2020-02-04 14:16:31 - PHP Notice:  getimagesize(): Read error! in /var/www/shop/system/library/image.php on line 14
2020-02-04 14:16:31 - PHP Notice:  getimagesize(): Read error! in /var/www/shop/catalog/model/tool/image.php on line 26
2020-02-04 14:16:31 - PHP Notice:  getimagesize(): Read error! in /var/www/shop/system/library/image.php on line 14
2020-02-04 14:16:35 - PHP Notice:  getimagesize(): Read error! in /var/www/shop/catalog/model/tool/image.php on line 26
2020-02-04 14:16:35 - PHP Notice:  getimagesize(): Read error! in /var/www/shop/system/library/image.php on line 14
2020-02-04 14:31:12 - PHP Notice:  getimagesize(): Read error! in /var/www/shop/catalog/model/tool/image.php on line 26
2020-02-04 14:31:12 - PHP Notice:  getimagesize(): Read error! in /var/www/shop/system/library/image.php on line 14
2020-02-04 14:31:56 - PHP Notice:  getimagesize(): Read error! in /var/www/shop/catalog/model/tool/image.php on line 26
2020-02-04 14:31:56 - PHP Notice:  getimagesize(): Read error! in /var/www/shop/system/library/image.php on line 14
2020-02-04 14:32:22 - PHP Notice:  getimagesize(): Read error! in /var/www/shop/catalog/model/tool/image.php on line 26
2020-02-04 14:32:22 - PHP Notice:  getimagesize(): Read error! in /var/www/shop/system/library/image.php on line 14
2020-02-04 14:32:33 - PHP Notice:  getimagesize(): Read error! in /var/www/shop/catalog/model/tool/image.php on line 26
2020-02-04 14:32:33 - PHP Notice:  getimagesize(): Read error! in /var/www/shop/system/library/image.php on line 14
2020-02-04 14:33:23 - PHP Notice:  getimagesize(): Read error! in /var/www/shop/catalog/model/tool/image.php on line 26
2020-02-04 14:33:23 - PHP Notice:  getimagesize(): Read error! in /var/www/shop/system/library/image.php on line 14
2020-02-04 14:34:41 - PHP Notice:  getimagesize(): Read error! in /var/www/shop/catalog/model/tool/image.php on line 26
2020-02-04 14:34:41 - PHP Notice:  getimagesize(): Read error! in /var/www/shop/system/library/image.php on line 14
2020-02-04 14:35:24 - PHP Notice:  getimagesize(): Read error! in /var/www/shop/catalog/model/tool/image.php on line 26
2020-02-04 14:35:24 - PHP Notice:  getimagesize(): Read error! in /var/www/shop/system/library/image.php on line 14
2020-02-04 14:44:34 - PHP Notice:  getimagesize(): Read error! in /var/www/shop/catalog/model/tool/image.php on line 26
2020-02-04 14:44:34 - PHP Notice:  getimagesize(): Read error! in /var/www/shop/system/library/image.php on line 14
2020-02-04 14:44:34 - PHP Notice:  getimagesize(): Read error! in /var/www/shop/catalog/model/tool/image.php on line 26
2020-02-04 14:44:34 - PHP Notice:  getimagesize(): Read error! in /var/www/shop/system/library/image.php on line 14
2020-02-04 14:50:45 - PHP Notice:  getimagesize(): Read error! in /var/www/shop/catalog/model/tool/image.php on line 26
2020-02-04 14:50:45 - PHP Notice:  getimagesize(): Read error! in /var/www/shop/system/library/image.php on line 14
2020-02-04 14:50:45 - PHP Notice:  getimagesize(): Read error! in /var/www/shop/catalog/model/tool/image.php on line 26
2020-02-04 14:50:45 - PHP Notice:  getimagesize(): Read error! in /var/www/shop/system/library/image.php on line 14
2020-02-04 14:55:09 - PHP Notice:  getimagesize(): Read error! in /var/www/shop/admin/model/tool/image.php on line 26
2020-02-04 14:55:09 - PHP Notice:  getimagesize(): Read error! in /var/www/shop/system/library/image.php on line 14
2020-02-04 14:55:14 - PHP Notice:  getimagesize(): Read error! in /var/www/shop/admin/model/tool/image.php on line 26
2020-02-04 14:55:14 - PHP Notice:  getimagesize(): Read error! in /var/www/shop/system/library/image.php on line 14
2020-02-04 14:55:21 - PHP Notice:  getimagesize(): Read error! in /var/www/shop/admin/model/tool/image.php on line 26
2020-02-04 14:55:21 - PHP Notice:  getimagesize(): Read error! in /var/www/shop/system/library/image.php on line 14
2020-02-04 14:56:03 - PHP Notice:  getimagesize(): Read error! in /var/www/shop/admin/model/tool/image.php on line 26
2020-02-04 14:56:03 - PHP Notice:  getimagesize(): Read error! in /var/www/shop/system/library/image.php on line 14
2020-02-04 14:56:07 - PHP Notice:  getimagesize(): Read error! in /var/www/shop/admin/model/tool/image.php on line 26
2020-02-04 14:56:07 - PHP Notice:  getimagesize(): Read error! in /var/www/shop/system/library/image.php on line 14
2020-02-04 14:56:28 - PHP Notice:  getimagesize(): Read error! in /var/www/shop/admin/model/tool/image.php on line 26
2020-02-04 14:56:28 - PHP Notice:  getimagesize(): Read error! in /var/www/shop/system/library/image.php on line 14
2020-02-04 14:56:32 - PHP Notice:  getimagesize(): Read error! in /var/www/shop/admin/model/tool/image.php on line 26
2020-02-04 14:56:32 - PHP Notice:  getimagesize(): Read error! in /var/www/shop/system/library/image.php on line 14
2020-02-04 14:57:48 - PHP Notice:  getimagesize(): Read error! in /var/www/shop/admin/model/tool/image.php on line 26
2020-02-04 14:57:48 - PHP Notice:  getimagesize(): Read error! in /var/www/shop/system/library/image.php on line 14
2020-02-04 15:10:36 - PHP Notice:  getimagesize(): Read error! in /var/www/shop/admin/model/tool/image.php on line 26
2020-02-04 15:10:36 - PHP Notice:  getimagesize(): Read error! in /var/www/shop/system/library/image.php on line 14
2020-02-04 15:11:33 - PHP Notice:  getimagesize(): Read error! in /var/www/shop/admin/model/tool/image.php on line 26
2020-02-04 15:11:33 - PHP Notice:  getimagesize(): Read error! in /var/www/shop/system/library/image.php on line 14
2020-02-04 15:11:44 - PHP Notice:  getimagesize(): Read error! in /var/www/shop/admin/model/tool/image.php on line 26
2020-02-04 15:11:44 - PHP Notice:  getimagesize(): Read error! in /var/www/shop/system/library/image.php on line 14
2020-02-04 15:11:48 - PHP Notice:  getimagesize(): Read error! in /var/www/shop/admin/model/tool/image.php on line 26
2020-02-04 15:11:48 - PHP Notice:  getimagesize(): Read error! in /var/www/shop/system/library/image.php on line 14
2020-02-04 15:11:59 - PHP Notice:  getimagesize(): Read error! in /var/www/shop/admin/model/tool/image.php on line 26
2020-02-04 15:11:59 - PHP Notice:  getimagesize(): Read error! in /var/www/shop/system/library/image.php on line 14
2020-02-04 15:12:05 - PHP Notice:  getimagesize(): Read error! in /var/www/shop/admin/model/tool/image.php on line 26
2020-02-04 15:12:05 - PHP Notice:  getimagesize(): Read error! in /var/www/shop/system/library/image.php on line 14
2020-02-04 15:12:20 - PHP Notice:  getimagesize(): Read error! in /var/www/shop/admin/model/tool/image.php on line 26
2020-02-04 15:12:20 - PHP Notice:  getimagesize(): Read error! in /var/www/shop/system/library/image.php on line 14
2020-02-04 15:12:24 - PHP Notice:  getimagesize(): Read error! in /var/www/shop/admin/model/tool/image.php on line 26
2020-02-04 15:12:24 - PHP Notice:  getimagesize(): Read error! in /var/www/shop/system/library/image.php on line 14
2020-02-04 15:12:39 - PHP Notice:  getimagesize(): Read error! in /var/www/shop/admin/model/tool/image.php on line 26
2020-02-04 15:12:39 - PHP Notice:  getimagesize(): Read error! in /var/www/shop/system/library/image.php on line 14
2020-02-04 15:12:42 - PHP Notice:  getimagesize(): Read error! in /var/www/shop/admin/model/tool/image.php on line 26
2020-02-04 15:12:42 - PHP Notice:  getimagesize(): Read error! in /var/www/shop/system/library/image.php on line 14
2020-02-04 15:12:52 - PHP Notice:  getimagesize(): Read error! in /var/www/shop/admin/model/tool/image.php on line 26
2020-02-04 15:12:52 - PHP Notice:  getimagesize(): Read error! in /var/www/shop/system/library/image.php on line 14
2020-02-04 15:12:53 - PHP Notice:  getimagesize(): Read error! in /var/www/shop/admin/model/tool/image.php on line 26
2020-02-04 15:12:53 - PHP Notice:  getimagesize(): Read error! in /var/www/shop/system/library/image.php on line 14
2020-02-04 15:13:21 - PHP Notice:  getimagesize(): Read error! in /var/www/shop/admin/model/tool/image.php on line 26
2020-02-04 15:13:21 - PHP Notice:  getimagesize(): Read error! in /var/www/shop/system/library/image.php on line 14
2020-02-04 15:13:22 - PHP Notice:  getimagesize(): Read error! in /var/www/shop/admin/model/tool/image.php on line 26
2020-02-04 15:13:22 - PHP Notice:  getimagesize(): Read error! in /var/www/shop/system/library/image.php on line 14
2020-02-04 15:13:33 - PHP Notice:  getimagesize(): Read error! in /var/www/shop/admin/model/tool/image.php on line 26
2020-02-04 15:13:33 - PHP Notice:  getimagesize(): Read error! in /var/www/shop/system/library/image.php on line 14
2020-02-04 15:13:34 - PHP Notice:  getimagesize(): Read error! in /var/www/shop/admin/model/tool/image.php on line 26
2020-02-04 15:13:34 - PHP Notice:  getimagesize(): Read error! in /var/www/shop/system/library/image.php on line 14
2020-02-04 15:13:47 - PHP Notice:  getimagesize(): Read error! in /var/www/shop/admin/model/tool/image.php on line 26
2020-02-04 15:13:47 - PHP Notice:  getimagesize(): Read error! in /var/www/shop/system/library/image.php on line 14
2020-02-04 15:13:53 - PHP Notice:  getimagesize(): Read error! in /var/www/shop/admin/model/tool/image.php on line 26
2020-02-04 15:13:53 - PHP Notice:  getimagesize(): Read error! in /var/www/shop/system/library/image.php on line 14
2020-02-04 15:14:06 - PHP Notice:  getimagesize(): Read error! in /var/www/shop/admin/model/tool/image.php on line 26
2020-02-04 15:14:06 - PHP Notice:  getimagesize(): Read error! in /var/www/shop/system/library/image.php on line 14
2020-02-04 15:14:12 - PHP Notice:  getimagesize(): Read error! in /var/www/shop/admin/model/tool/image.php on line 26
2020-02-04 15:14:12 - PHP Notice:  getimagesize(): Read error! in /var/www/shop/system/library/image.php on line 14
2020-02-04 15:14:15 - PHP Notice:  getimagesize(): Read error! in /var/www/shop/admin/model/tool/image.php on line 26
2020-02-04 15:14:15 - PHP Notice:  getimagesize(): Read error! in /var/www/shop/system/library/image.php on line 14
2020-02-04 15:14:28 - PHP Notice:  getimagesize(): Read error! in /var/www/shop/admin/model/tool/image.php on line 26
2020-02-04 15:14:28 - PHP Notice:  getimagesize(): Read error! in /var/www/shop/system/library/image.php on line 14
2020-02-04 15:14:31 - PHP Notice:  getimagesize(): Read error! in /var/www/shop/admin/model/tool/image.php on line 26
2020-02-04 15:14:31 - PHP Notice:  getimagesize(): Read error! in /var/www/shop/system/library/image.php on line 14
2020-02-04 15:14:47 - PHP Notice:  getimagesize(): Read error! in /var/www/shop/admin/model/tool/image.php on line 26
2020-02-04 15:14:47 - PHP Notice:  getimagesize(): Read error! in /var/www/shop/system/library/image.php on line 14
2020-02-04 15:14:52 - PHP Notice:  getimagesize(): Read error! in /var/www/shop/admin/model/tool/image.php on line 26
2020-02-04 15:14:52 - PHP Notice:  getimagesize(): Read error! in /var/www/shop/system/library/image.php on line 14
2020-02-04 15:15:00 - PHP Notice:  getimagesize(): Read error! in /var/www/shop/admin/model/tool/image.php on line 26
2020-02-04 15:15:00 - PHP Notice:  getimagesize(): Read error! in /var/www/shop/system/library/image.php on line 14
2020-02-04 15:15:02 - PHP Notice:  getimagesize(): Read error! in /var/www/shop/admin/model/tool/image.php on line 26
2020-02-04 15:15:02 - PHP Notice:  getimagesize(): Read error! in /var/www/shop/system/library/image.php on line 14
2020-02-04 15:15:31 - PHP Notice:  getimagesize(): Read error! in /var/www/shop/admin/model/tool/image.php on line 26
2020-02-04 15:15:31 - PHP Notice:  getimagesize(): Read error! in /var/www/shop/system/library/image.php on line 14
2020-02-04 15:15:36 - PHP Notice:  getimagesize(): Read error! in /var/www/shop/admin/model/tool/image.php on line 26
2020-02-04 15:15:36 - PHP Notice:  getimagesize(): Read error! in /var/www/shop/system/library/image.php on line 14
2020-02-04 15:16:01 - PHP Notice:  getimagesize(): Read error! in /var/www/shop/admin/model/tool/image.php on line 26
2020-02-04 15:16:01 - PHP Notice:  getimagesize(): Read error! in /var/www/shop/system/library/image.php on line 14
2020-02-04 15:16:03 - PHP Notice:  getimagesize(): Read error! in /var/www/shop/admin/model/tool/image.php on line 26
2020-02-04 15:16:03 - PHP Notice:  getimagesize(): Read error! in /var/www/shop/system/library/image.php on line 14
2020-02-04 15:16:22 - PHP Notice:  getimagesize(): Read error! in /var/www/shop/admin/model/tool/image.php on line 26
2020-02-04 15:16:22 - PHP Notice:  getimagesize(): Read error! in /var/www/shop/system/library/image.php on line 14
2020-02-04 15:16:26 - PHP Notice:  getimagesize(): Read error! in /var/www/shop/admin/model/tool/image.php on line 26
2020-02-04 15:16:26 - PHP Notice:  getimagesize(): Read error! in /var/www/shop/system/library/image.php on line 14
2020-02-04 15:16:41 - PHP Notice:  getimagesize(): Read error! in /var/www/shop/admin/model/tool/image.php on line 26
2020-02-04 15:16:41 - PHP Notice:  getimagesize(): Read error! in /var/www/shop/system/library/image.php on line 14
2020-02-04 15:17:46 - PHP Notice:  getimagesize(): Read error! in /var/www/shop/admin/model/tool/image.php on line 26
2020-02-04 15:17:46 - PHP Notice:  getimagesize(): Read error! in /var/www/shop/system/library/image.php on line 14
2020-02-04 15:18:11 - PHP Notice:  getimagesize(): Read error! in /var/www/shop/admin/model/tool/image.php on line 26
2020-02-04 15:18:11 - PHP Notice:  getimagesize(): Read error! in /var/www/shop/system/library/image.php on line 14
2020-02-04 15:20:41 - PHP Notice:  getimagesize(): Read error! in /var/www/shop/admin/model/tool/image.php on line 26
2020-02-04 15:20:41 - PHP Notice:  getimagesize(): Read error! in /var/www/shop/system/library/image.php on line 14
2020-02-04 15:22:02 - PHP Notice:  getimagesize(): Read error! in /var/www/shop/admin/model/tool/image.php on line 26
2020-02-04 15:22:02 - PHP Notice:  getimagesize(): Read error! in /var/www/shop/system/library/image.php on line 14
2020-02-04 15:23:17 - PHP Notice:  getimagesize(): Read error! in /var/www/shop/admin/model/tool/image.php on line 26
2020-02-04 15:23:17 - PHP Notice:  getimagesize(): Read error! in /var/www/shop/system/library/image.php on line 14
2020-02-04 15:23:58 - PHP Notice:  getimagesize(): Read error! in /var/www/shop/admin/model/tool/image.php on line 26
2020-02-04 15:23:58 - PHP Notice:  getimagesize(): Read error! in /var/www/shop/system/library/image.php on line 14
2020-02-04 15:25:44 - PHP Notice:  getimagesize(): Read error! in /var/www/shop/admin/model/tool/image.php on line 26
2020-02-04 15:25:44 - PHP Notice:  getimagesize(): Read error! in /var/www/shop/system/library/image.php on line 14
2020-02-04 15:28:37 - PHP Notice:  getimagesize(): Read error! in /var/www/shop/admin/model/tool/image.php on line 26
2020-02-04 15:28:37 - PHP Notice:  getimagesize(): Read error! in /var/www/shop/system/library/image.php on line 14
2020-02-04 15:30:21 - PHP Notice:  getimagesize(): Read error! in /var/www/shop/admin/model/tool/image.php on line 26
2020-02-04 15:30:21 - PHP Notice:  getimagesize(): Read error! in /var/www/shop/system/library/image.php on line 14
2020-02-04 15:34:21 - PHP Notice:  getimagesize(): Read error! in /var/www/shop/admin/model/tool/image.php on line 26
2020-02-04 15:34:21 - PHP Notice:  getimagesize(): Read error! in /var/www/shop/system/library/image.php on line 14
2020-02-04 15:34:36 - PHP Notice:  getimagesize(): Read error! in /var/www/shop/admin/model/tool/image.php on line 26
2020-02-04 15:34:36 - PHP Notice:  getimagesize(): Read error! in /var/www/shop/system/library/image.php on line 14
2020-02-04 15:38:03 - PHP Notice:  getimagesize(): Read error! in /var/www/shop/admin/model/tool/image.php on line 26
2020-02-04 15:38:03 - PHP Notice:  getimagesize(): Read error! in /var/www/shop/system/library/image.php on line 14
2020-02-04 15:42:09 - PHP Notice:  getimagesize(): Read error! in /var/www/shop/admin/model/tool/image.php on line 26
2020-02-04 15:42:09 - PHP Notice:  getimagesize(): Read error! in /var/www/shop/system/library/image.php on line 14
2020-02-04 15:42:12 - PHP Notice:  getimagesize(): Read error! in /var/www/shop/admin/model/tool/image.php on line 26
2020-02-04 15:42:12 - PHP Notice:  getimagesize(): Read error! in /var/www/shop/system/library/image.php on line 14
2020-02-04 15:42:18 - PHP Notice:  getimagesize(): Read error! in /var/www/shop/admin/model/tool/image.php on line 26
2020-02-04 15:42:18 - PHP Notice:  getimagesize(): Read error! in /var/www/shop/system/library/image.php on line 14
2020-02-04 15:42:20 - PHP Notice:  getimagesize(): Read error! in /var/www/shop/admin/model/tool/image.php on line 26
2020-02-04 15:42:20 - PHP Notice:  getimagesize(): Read error! in /var/www/shop/system/library/image.php on line 14
2020-02-04 15:42:24 - PHP Notice:  getimagesize(): Read error! in /var/www/shop/admin/model/tool/image.php on line 26
2020-02-04 15:42:24 - PHP Notice:  getimagesize(): Read error! in /var/www/shop/system/library/image.php on line 14
2020-02-04 15:42:31 - PHP Notice:  getimagesize(): Read error! in /var/www/shop/admin/model/tool/image.php on line 26
2020-02-04 15:42:31 - PHP Notice:  getimagesize(): Read error! in /var/www/shop/system/library/image.php on line 14
2020-02-04 15:42:31 - PHP Notice:  getimagesize(): Read error! in /var/www/shop/admin/model/tool/image.php on line 26
2020-02-04 15:42:31 - PHP Notice:  getimagesize(): Read error! in /var/www/shop/system/library/image.php on line 14
2020-02-04 15:42:34 - PHP Notice:  getimagesize(): Read error! in /var/www/shop/admin/model/tool/image.php on line 26
2020-02-04 15:42:34 - PHP Notice:  getimagesize(): Read error! in /var/www/shop/system/library/image.php on line 14
2020-02-04 15:42:36 - PHP Notice:  getimagesize(): Read error! in /var/www/shop/admin/model/tool/image.php on line 26
2020-02-04 15:42:36 - PHP Notice:  getimagesize(): Read error! in /var/www/shop/system/library/image.php on line 14
2020-02-04 15:42:43 - PHP Notice:  getimagesize(): Read error! in /var/www/shop/admin/model/tool/image.php on line 26
2020-02-04 15:42:43 - PHP Notice:  getimagesize(): Read error! in /var/www/shop/system/library/image.php on line 14
2020-02-04 15:42:43 - PHP Notice:  getimagesize(): Read error! in /var/www/shop/admin/model/tool/image.php on line 26
2020-02-04 15:42:43 - PHP Notice:  getimagesize(): Read error! in /var/www/shop/system/library/image.php on line 14
2020-02-04 15:42:47 - PHP Notice:  getimagesize(): Read error! in /var/www/shop/admin/model/tool/image.php on line 26
2020-02-04 15:42:47 - PHP Notice:  getimagesize(): Read error! in /var/www/shop/system/library/image.php on line 14
2020-02-04 15:42:51 - PHP Notice:  getimagesize(): Read error! in /var/www/shop/admin/model/tool/image.php on line 26
2020-02-04 15:42:51 - PHP Notice:  getimagesize(): Read error! in /var/www/shop/system/library/image.php on line 14
2020-02-04 15:48:37 - PHP Notice:  getimagesize(): Read error! in /var/www/shop/catalog/model/tool/image.php on line 26
2020-02-04 15:48:37 - PHP Notice:  getimagesize(): Read error! in /var/www/shop/system/library/image.php on line 14
2020-02-04 15:52:31 - PHP Notice:  getimagesize(): Read error! in /var/www/shop/admin/model/tool/image.php on line 26
2020-02-04 15:52:31 - PHP Notice:  getimagesize(): Read error! in /var/www/shop/system/library/image.php on line 14
2020-02-04 15:54:00 - PHP Notice:  getimagesize(): Read error! in /var/www/shop/catalog/model/tool/image.php on line 26
2020-02-04 15:54:00 - PHP Notice:  getimagesize(): Read error! in /var/www/shop/system/library/image.php on line 14
